This file contains any messages produced by compilers while
running configure, to aid debugging if configure makes a mistake.

It was created by configure, which was
generated by GNU Autoconf 2.69.  Invocation command line was

  $ ./configure 

## --------- ##
## Platform. ##
## --------- ##

hostname = jimsredmi
uname -m = x86_64
uname -r = 5.10.109-1-MANJARO
uname -s = Linux
uname -v = #1 SMP PREEMPT Mon Mar 28 09:16:20 UTC 2022

/usr/bin/uname -p = unknown
/bin/uname -X     = unknown

/bin/arch              = unknown
/usr/bin/arch -k       = unknown
/usr/convex/getsysinfo = unknown
/usr/bin/hostinfo      = unknown
/bin/machine           = unknown
/usr/bin/oslevel       = unknown
/bin/universe          = unknown

PATH: /home/jim/bin
PATH: /usr/local/bin
PATH: /home/jim/.local/bin
PATH: /usr/local/bin
PATH: /usr/bin
PATH: /bin
PATH: /usr/local/sbin
PATH: /opt/android-sdk/platform-tools
PATH: /opt/android-sdk/tools
PATH: /opt/android-sdk/tools/bin
PATH: /usr/lib/jvm/default/bin
PATH: /usr/bin/site_perl
PATH: /usr/bin/vendor_perl
PATH: /usr/bin/core_perl
PATH: /var/lib/snapd/snap/bin
PATH: /home/jim/bin
PATH: /opt/android-sdk/emulator
PATH: /opt/android-sdk/tools


## ----------- ##
## Core tests. ##
## ----------- ##

configure:2339: checking build system type
configure:2353: result: x86_64-unknown-linux-gnu
configure:2373: checking host system type
configure:2386: result: x86_64-unknown-linux-gnu
configure:2406: checking target system type
configure:2419: result: x86_64-unknown-linux-gnu
configure:2462: checking for a BSD-compatible install
configure:2530: result: /usr/bin/install -c
configure:2541: checking whether build environment is sane
configure:2596: result: yes
configure:2634: WARNING: 'missing' script is too old or missing
configure:2747: checking for a thread-safe mkdir -p
configure:2786: result: /usr/bin/mkdir -p
configure:2793: checking for gawk
configure:2809: found /usr/bin/gawk
configure:2820: result: gawk
configure:2831: checking whether make sets $(MAKE)
configure:2853: result: yes
configure:2882: checking whether make supports nested variables
configure:2899: result: yes
configure:2985: checking whether make sets $(MAKE)
configure:3007: result: yes
configure:3064: checking for gcc
configure:3080: found /usr/bin/gcc
configure:3091: result: gcc
configure:3320: checking for C compiler version
configure:3329: gcc --version >&5
gcc (GCC) 11.2.0
Copyright (C) 2021 Free Software Foundation, Inc.
This is free software; see the source for copying conditions.  There is NO
warranty; not even for MERCHANTABILITY or FITNESS FOR A PARTICULAR PURPOSE.

configure:3340: $? = 0
configure:3329: gcc -v >&5
Using built-in specs.
COLLECT_GCC=gcc
COLLECT_LTO_WRAPPER=/usr/lib/gcc/x86_64-pc-linux-gnu/11.2.0/lto-wrapper
Target: x86_64-pc-linux-gnu
Configured with: /build/gcc/src/gcc/configure --enable-languages=c,c++,ada,fortran,go,lto,objc,obj-c++,d --enable-bootstrap --prefix=/usr --libdir=/usr/lib --libexecdir=/usr/lib --mandir=/usr/share/man --infodir=/usr/share/info --with-bugurl=https://bugs.archlinux.org/ --with-linker-hash-style=gnu --with-system-zlib --enable-__cxa_atexit --enable-cet=auto --enable-checking=release --enable-clocale=gnu --enable-default-pie --enable-default-ssp --enable-gnu-indirect-function --enable-gnu-unique-object --enable-linker-build-id --enable-lto --enable-multilib --enable-plugin --enable-shared --enable-threads=posix --disable-libssp --disable-libstdcxx-pch --disable-werror --with-build-config=bootstrap-lto --enable-link-serialization=1 gdc_include_dir=/usr/include/dlang/gdc
Thread model: posix
Supported LTO compression algorithms: zlib zstd
gcc version 11.2.0 (GCC) 
configure:3340: $? = 0
configure:3329: gcc -V >&5
gcc: error: unrecognized command-line option '-V'
gcc: fatal error: no input files
compilation terminated.
configure:3340: $? = 1
configure:3329: gcc -qversion >&5
gcc: error: unrecognized command-line option '-qversion'; did you mean '--version'?
gcc: fatal error: no input files
compilation terminated.
configure:3340: $? = 1
configure:3360: checking whether the C compiler works
configure:3382: gcc    conftest.c -lfreetype >&5
configure:3386: $? = 0
configure:3434: result: yes
configure:3437: checking for C compiler default output file name
configure:3439: result: a.out
configure:3445: checking for suffix of executables
configure:3452: gcc -o conftest    conftest.c -lfreetype >&5
configure:3456: $? = 0
configure:3478: result: 
configure:3500: checking whether we are cross compiling
configure:3508: gcc -o conftest    conftest.c -lfreetype >&5
configure:3512: $? = 0
configure:3519: ./conftest
configure:3523: $? = 0
configure:3538: result: no
configure:3543: checking for suffix of object files
configure:3565: gcc -c   conftest.c >&5
configure:3569: $? = 0
configure:3590: result: o
configure:3594: checking whether we are using the GNU C compiler
configure:3613: gcc -c   conftest.c >&5
configure:3613: $? = 0
configure:3622: result: yes
configure:3631: checking whether gcc accepts -g
configure:3651: gcc -c -g  conftest.c >&5
configure:3651: $? = 0
configure:3692: result: yes
configure:3709: checking for gcc option to accept ISO C89
configure:3772: gcc  -c -g -O2  conftest.c >&5
configure:3772: $? = 0
configure:3785: result: none needed
configure:3816: checking for style of include used by make
configure:3844: result: GNU
configure:3870: checking dependency style of gcc
configure:3981: result: gcc3
configure:4054: checking for g++
configure:4070: found /usr/bin/g++
configure:4081: result: g++
configure:4108: checking for C++ compiler version
configure:4117: g++ --version >&5
g++ (GCC) 11.2.0
Copyright (C) 2021 Free Software Foundation, Inc.
This is free software; see the source for copying conditions.  There is NO
warranty; not even for MERCHANTABILITY or FITNESS FOR A PARTICULAR PURPOSE.

configure:4128: $? = 0
configure:4117: g++ -v >&5
Using built-in specs.
COLLECT_GCC=g++
COLLECT_LTO_WRAPPER=/usr/lib/gcc/x86_64-pc-linux-gnu/11.2.0/lto-wrapper
Target: x86_64-pc-linux-gnu
Configured with: /build/gcc/src/gcc/configure --enable-languages=c,c++,ada,fortran,go,lto,objc,obj-c++,d --enable-bootstrap --prefix=/usr --libdir=/usr/lib --libexecdir=/usr/lib --mandir=/usr/share/man --infodir=/usr/share/info --with-bugurl=https://bugs.archlinux.org/ --with-linker-hash-style=gnu --with-system-zlib --enable-__cxa_atexit --enable-cet=auto --enable-checking=release --enable-clocale=gnu --enable-default-pie --enable-default-ssp --enable-gnu-indirect-function --enable-gnu-unique-object --enable-linker-build-id --enable-lto --enable-multilib --enable-plugin --enable-shared --enable-threads=posix --disable-libssp --disable-libstdcxx-pch --disable-werror --with-build-config=bootstrap-lto --enable-link-serialization=1 gdc_include_dir=/usr/include/dlang/gdc
Thread model: posix
Supported LTO compression algorithms: zlib zstd
gcc version 11.2.0 (GCC) 
configure:4128: $? = 0
configure:4117: g++ -V >&5
g++: error: unrecognized command-line option '-V'
g++: fatal error: no input files
compilation terminated.
configure:4128: $? = 1
configure:4117: g++ -qversion >&5
g++: error: unrecognized command-line option '-qversion'; did you mean '--version'?
g++: fatal error: no input files
compilation terminated.
configure:4128: $? = 1
configure:4132: checking whether we are using the GNU C++ compiler
configure:4151: g++ -c   conftest.cpp >&5
configure:4151: $? = 0
configure:4160: result: yes
configure:4169: checking whether g++ accepts -g
configure:4189: g++ -c -g  conftest.cpp >&5
configure:4189: $? = 0
configure:4230: result: yes
configure:4255: checking dependency style of g++
configure:4366: result: gcc3
configure:4425: checking for ranlib
configure:4441: found /usr/bin/ranlib
configure:4452: result: ranlib
configure:4487: checking for beer in -lfridge
configure:4512: gcc -o conftest -g -O2  -I/usr/X11R6/include -I/usr/X11R6 -I/usr/local/include  -L/usr/X11R6/lib -L/usr/X11R6 -L/usr/local/lib conftest.c -lfridge  -lfreetype >&5
/usr/bin/ld: cannot find -lfridge: No such file or directory
collect2: error: ld returned 1 exit status
configure:4512: $? = 1
configure: failed program was:
| /* confdefs.h */
| #define PACKAGE_NAME ""
| #define PACKAGE_TARNAME ""
| #define PACKAGE_VERSION ""
| #define PACKAGE_STRING ""
| #define PACKAGE_BUGREPORT ""
| #define PACKAGE_URL ""
| #define PACKAGE "scorched3d"
| #define VERSION "43"
| /* end confdefs.h.  */
| 
| /* Override any GCC internal prototype to avoid an error.
|    Use char because int might match the return type of a GCC
|    builtin and then its argument prototype would still apply.  */
| #ifdef __cplusplus
| extern "C"
| #endif
| char beer ();
| int
| main ()
| {
| return beer ();
|   ;
|   return 0;
| }
configure:4521: result: no
configure:4550: checking for OpenGL support
configure:4569: gcc -c -g -O2  -I/usr/X11R6/include -I/usr/X11R6 -I/usr/local/include conftest.c >&5
configure:4569: $? = 0
configure:4581: result: yes
configure:4594: checking for GLEW support
configure:4612: gcc -c -g -O2  -I/usr/X11R6/include -I/usr/X11R6 -I/usr/local/include conftest.c >&5
configure:4612: $? = 0
configure:4624: result: yes
configure:4656: checking for OpenAL support
configure:4660: checking for openal-config
configure:4691: result: no
configure:4707: checking for pkg-config
configure:4725: found /usr/bin/pkg-config
configure:4738: result: /usr/bin/pkg-config
configure:4765: result: yes
configure:4768: checking for Freealut support
configure:4772: checking for freealut-config
configure:4790: found /usr/bin/freealut-config
configure:4803: result: /usr/bin/freealut-config
configure:4822: result: yes
configure:4826: checking for OpenAL compilation
configure:4857: gcc -c -g -O2 -I/usr/include/AL    -I/usr/X11R6/include -I/usr/X11R6 -I/usr/local/include conftest.c >&5
configure:4857: $? = 0
configure:4900: gcc -o conftest -g -O2 -I/usr/include/AL    -I/usr/X11R6/include -I/usr/X11R6 -I/usr/local/include  -L/usr/X11R6/lib -L/usr/X11R6 -L/usr/local/lib conftest.c -lopenal   -lalut -lfreetype >&5
conftest.c: In function 'main':
conftest.c:23:34: warning: passing argument 1 of 'alutInit' makes pointer from integer without a cast [-Wint-conversion]
   23 |                         alutInit(argc, argv);
      |                                  ^~~~
      |                                  |
      |                                  int
In file included from conftest.c:17:
/usr/include/AL/alut.h:84:49: note: expected 'int *' but argument is of type 'int'
   84 | ALUT_API ALboolean ALUT_APIENTRY alutInit (int *argcp, char **argv);
      |                                            ~~~~~^~~~~
configure:4900: $? = 0
configure:4918: result: yes
configure:4985: checking for wx-config
configure:5004: found /usr/bin/wx-config
configure:5017: result: /usr/bin/wx-config
configure:5032: checking for wxWindows version >= 2.4.0
configure:5110: result: yes (version 3.0.5)
configure:5216: checking for Ogg
configure:5246: gcc -o conftest -g -O2   -I/usr/X11R6/include -I/usr/X11R6 -I/usr/local/include  -L/usr/X11R6/lib -L/usr/X11R6 -L/usr/local/lib conftest.c -lfreetype  -logg >&5
configure:5246: $? = 0
configure:5246: ./conftest
configure:5246: $? = 0
configure:5260: result: yes
configure:5323: checking for Vorbis
configure:5365: gcc -o conftest -g -O2    -I/usr/X11R6/include -I/usr/X11R6 -I/usr/local/include  -L/usr/X11R6/lib -L/usr/X11R6 -L/usr/local/lib conftest.c -lfreetype  -lvorbis -lm -lvorbisenc  -logg >&5
configure:5365: $? = 0
configure:5365: ./conftest
configure:5365: $? = 0
configure:5379: result: yes
configure:5566: checking for FFTW
configure:5620: gcc -o conftest -g -O2   -I/usr/X11R6/include -I/usr/X11R6 -I/usr/local/include  -L/usr/X11R6/lib -L/usr/X11R6 -L/usr/local/lib conftest.c -lfreetype  -lfftw3f >&5
configure:5620: $? = 0
configure:5620: ./conftest
configure:5620: $? = 0
configure:5634: result: yes
configure:5700: checking for SDL
configure:5752: checking for sdl-config
configure:5770: found /usr/bin/sdl-config
configure:5783: result: /usr/bin/sdl-config
configure:5792: checking for SDL - version >= 1.2.5
configure:5884: gcc -o conftest -g -O2 -I/usr/include/SDL -D_GNU_SOURCE=1 -D_REENTRANT  -I/usr/X11R6/include -I/usr/X11R6 -I/usr/local/include  -L/usr/X11R6/lib -L/usr/X11R6 -L/usr/local/lib conftest.c -lfreetype -L/usr/lib -lSDL -lpthread >&5
configure:5884: $? = 0
configure:5884: ./conftest
configure:5884: $? = 0
configure:5899: result: yes
configure:5970: checking for SDL_net lib
configure:6006: gcc -c -g -O2 -I/usr/include/SDL -D_GNU_SOURCE=1 -D_REENTRANT  -I/usr/X11R6/include -I/usr/X11R6 -I/usr/local/include conftest.c >&5
configure:6006: $? = 0
configure:6022: result: yes
configure:6034: checking for floating point math support
configure:6052: gcc -c -g -O2  -I/usr/X11R6/include -I/usr/X11R6 -I/usr/local/include conftest.c >&5
configure:6052: $? = 0
configure:6062: result: yes
configure:6168: checking for profiling enabled
configure:6183: result: no
configure:6190: checking for vsnprintf
configure:6190: gcc -o conftest -g -O2  -I/usr/X11R6/include -I/usr/X11R6 -I/usr/local/include  -L/usr/X11R6/lib -L/usr/X11R6 -L/usr/local/lib conftest.c -lfreetype >&5
conftest.c:35:6: warning: conflicting types for built-in function 'vsnprintf'; expected 'int(char *, long unsigned int,  const char *, __va_list_tag *)' [-Wbuiltin-declaration-mismatch]
   35 | char vsnprintf ();
      |      ^~~~~~~~~
conftest.c:23:1: note: 'vsnprintf' is declared in header '<stdio.h>'
   22 | # include <limits.h>
   23 | #else
configure:6190: $? = 0
configure:6190: result: yes
configure:6190: checking for snprintf
configure:6190: gcc -o conftest -g -O2  -I/usr/X11R6/include -I/usr/X11R6 -I/usr/local/include  -L/usr/X11R6/lib -L/usr/X11R6 -L/usr/local/lib conftest.c -lfreetype >&5
conftest.c:36:6: warning: conflicting types for built-in function 'snprintf'; expected 'int(char *, long unsigned int,  const char *, ...)' [-Wbuiltin-declaration-mismatch]
   36 | char snprintf ();
      |      ^~~~~~~~
conftest.c:24:1: note: 'snprintf' is declared in header '<stdio.h>'
   23 | # include <limits.h>
   24 | #else
configure:6190: $? = 0
configure:6190: result: yes
configure:6190: checking for vasprintf
configure:6190: gcc -o conftest -g -O2  -I/usr/X11R6/include -I/usr/X11R6 -I/usr/local/include  -L/usr/X11R6/lib -L/usr/X11R6 -L/usr/local/lib conftest.c -lfreetype >&5
configure:6190: $? = 0
configure:6190: result: yes
configure:6190: checking for asprintf
configure:6190: gcc -o conftest -g -O2  -I/usr/X11R6/include -I/usr/X11R6 -I/usr/local/include  -L/usr/X11R6/lib -L/usr/X11R6 -L/usr/local/lib conftest.c -lfreetype >&5
configure:6190: $? = 0
configure:6190: result: yes
configure:6190: checking for iconv
configure:6190: gcc -o conftest -g -O2  -I/usr/X11R6/include -I/usr/X11R6 -I/usr/local/include  -L/usr/X11R6/lib -L/usr/X11R6 -L/usr/local/lib conftest.c -lfreetype >&5
configure:6190: $? = 0
configure:6190: result: yes
configure:6206: checking how to run the C preprocessor
configure:6237: gcc -E  -I/usr/X11R6/include -I/usr/X11R6 -I/usr/local/include conftest.c
configure:6237: $? = 0
configure:6251: gcc -E  -I/usr/X11R6/include -I/usr/X11R6 -I/usr/local/include conftest.c
conftest.c:17:10: fatal error: ac_nonexistent.h: No such file or directory
   17 | #include <ac_nonexistent.h>
      |          ^~~~~~~~~~~~~~~~~~
compilation terminated.
configure:6251: $? = 1
configure: failed program was:
| /* confdefs.h */
| #define PACKAGE_NAME ""
| #define PACKAGE_TARNAME ""
| #define PACKAGE_VERSION ""
| #define PACKAGE_STRING ""
| #define PACKAGE_BUGREPORT ""
| #define PACKAGE_URL ""
| #define PACKAGE "scorched3d"
| #define VERSION "43"
| #define HAVE_OGG 1
| #define HAVE_VSNPRINTF 1
| #define HAVE_SNPRINTF 1
| #define HAVE_VASPRINTF 1
| #define HAVE_ASPRINTF 1
| #define HAVE_ICONV 1
| /* end confdefs.h.  */
| #include <ac_nonexistent.h>
configure:6276: result: gcc -E
configure:6296: gcc -E  -I/usr/X11R6/include -I/usr/X11R6 -I/usr/local/include conftest.c
configure:6296: $? = 0
configure:6310: gcc -E  -I/usr/X11R6/include -I/usr/X11R6 -I/usr/local/include conftest.c
conftest.c:17:10: fatal error: ac_nonexistent.h: No such file or directory
   17 | #include <ac_nonexistent.h>
      |          ^~~~~~~~~~~~~~~~~~
compilation terminated.
configure:6310: $? = 1
configure: failed program was:
| /* confdefs.h */
| #define PACKAGE_NAME ""
| #define PACKAGE_TARNAME ""
| #define PACKAGE_VERSION ""
| #define PACKAGE_STRING ""
| #define PACKAGE_BUGREPORT ""
| #define PACKAGE_URL ""
| #define PACKAGE "scorched3d"
| #define VERSION "43"
| #define HAVE_OGG 1
| #define HAVE_VSNPRINTF 1
| #define HAVE_SNPRINTF 1
| #define HAVE_VASPRINTF 1
| #define HAVE_ASPRINTF 1
| #define HAVE_ICONV 1
| /* end confdefs.h.  */
| #include <ac_nonexistent.h>
configure:6339: checking for grep that handles long lines and -e
configure:6397: result: /usr/bin/grep
configure:6402: checking for egrep
configure:6464: result: /usr/bin/grep -E
configure:6469: checking for ANSI C header files
configure:6489: gcc -c -g -O2  -I/usr/X11R6/include -I/usr/X11R6 -I/usr/local/include conftest.c >&5
configure:6489: $? = 0
configure:6562: gcc -o conftest -g -O2  -I/usr/X11R6/include -I/usr/X11R6 -I/usr/local/include  -L/usr/X11R6/lib -L/usr/X11R6 -L/usr/local/lib conftest.c -lfreetype >&5
configure:6562: $? = 0
configure:6562: ./conftest
configure:6562: $? = 0
configure:6573: result: yes
configure:6586: checking for sys/types.h
configure:6586: gcc -c -g -O2  -I/usr/X11R6/include -I/usr/X11R6 -I/usr/local/include conftest.c >&5
configure:6586: $? = 0
configure:6586: result: yes
configure:6586: checking for sys/stat.h
configure:6586: gcc -c -g -O2  -I/usr/X11R6/include -I/usr/X11R6 -I/usr/local/include conftest.c >&5
configure:6586: $? = 0
configure:6586: result: yes
configure:6586: checking for stdlib.h
configure:6586: gcc -c -g -O2  -I/usr/X11R6/include -I/usr/X11R6 -I/usr/local/include conftest.c >&5
configure:6586: $? = 0
configure:6586: result: yes
configure:6586: checking for string.h
configure:6586: gcc -c -g -O2  -I/usr/X11R6/include -I/usr/X11R6 -I/usr/local/include conftest.c >&5
configure:6586: $? = 0
configure:6586: result: yes
configure:6586: checking for memory.h
configure:6586: gcc -c -g -O2  -I/usr/X11R6/include -I/usr/X11R6 -I/usr/local/include conftest.c >&5
configure:6586: $? = 0
configure:6586: result: yes
configure:6586: checking for strings.h
configure:6586: gcc -c -g -O2  -I/usr/X11R6/include -I/usr/X11R6 -I/usr/local/include conftest.c >&5
configure:6586: $? = 0
configure:6586: result: yes
configure:6586: checking for inttypes.h
configure:6586: gcc -c -g -O2  -I/usr/X11R6/include -I/usr/X11R6 -I/usr/local/include conftest.c >&5
configure:6586: $? = 0
configure:6586: result: yes
configure:6586: checking for stdint.h
configure:6586: gcc -c -g -O2  -I/usr/X11R6/include -I/usr/X11R6 -I/usr/local/include conftest.c >&5
configure:6586: $? = 0
configure:6586: result: yes
configure:6586: checking for unistd.h
configure:6586: gcc -c -g -O2  -I/usr/X11R6/include -I/usr/X11R6 -I/usr/local/include conftest.c >&5
configure:6586: $? = 0
configure:6586: result: yes
configure:6601: checking for unistd.h
configure:6601: result: yes
configure:6601: checking iconv.h usability
configure:6601: gcc -c -g -O2  -I/usr/X11R6/include -I/usr/X11R6 -I/usr/local/include conftest.c >&5
configure:6601: $? = 0
configure:6601: result: yes
configure:6601: checking iconv.h presence
configure:6601: gcc -E  -I/usr/X11R6/include -I/usr/X11R6 -I/usr/local/include conftest.c
configure:6601: $? = 0
configure:6601: result: yes
configure:6601: checking for iconv.h
configure:6601: result: yes
configure:6789: checking that generated files are newer than configure
configure:6795: result: done
configure:6822: creating ./config.status

## ---------------------- ##
## Running config.status. ##
## ---------------------- ##

This file was extended by config.status, which was
generated by GNU Autoconf 2.69.  Invocation command line was

  CONFIG_FILES    = 
  CONFIG_HEADERS  = 
  CONFIG_LINKS    = 
  CONFIG_COMMANDS = 
  $ ./config.status 

on jimsredmi

config.status:837: creating Makefile
config.status:837: creating src/Makefile
config.status:837: creating src/launcher/Makefile
config.status:837: creating src/launcher/scorched/Makefile
config.status:837: creating src/client/Makefile
config.status:837: creating src/client/scorchedc/Makefile
config.status:837: creating src/server/Makefile
config.status:837: creating src/server/scorcheds/Makefile
config.status:1009: executing depfiles commands

## ---------------- ##
## Cache variables. ##
## ---------------- ##

ac_cv_build=x86_64-unknown-linux-gnu
ac_cv_c_compiler_gnu=yes
ac_cv_cxx_compiler_gnu=yes
ac_cv_env_CCC_set=
ac_cv_env_CCC_value=
ac_cv_env_CC_set=
ac_cv_env_CC_value=
ac_cv_env_CFLAGS_set=
ac_cv_env_CFLAGS_value=
ac_cv_env_CPPFLAGS_set=
ac_cv_env_CPPFLAGS_value=
ac_cv_env_CPP_set=
ac_cv_env_CPP_value=
ac_cv_env_CXXFLAGS_set=
ac_cv_env_CXXFLAGS_value=
ac_cv_env_CXX_set=
ac_cv_env_CXX_value=
ac_cv_env_LDFLAGS_set=
ac_cv_env_LDFLAGS_value=
ac_cv_env_LIBS_set=set
ac_cv_env_LIBS_value=-lfreetype
ac_cv_env_build_alias_set=
ac_cv_env_build_alias_value=
ac_cv_env_host_alias_set=
ac_cv_env_host_alias_value=
ac_cv_env_target_alias_set=
ac_cv_env_target_alias_value=
ac_cv_func_asprintf=yes
ac_cv_func_iconv=yes
ac_cv_func_snprintf=yes
ac_cv_func_vasprintf=yes
ac_cv_func_vsnprintf=yes
ac_cv_header_iconv_h=yes
ac_cv_header_inttypes_h=yes
ac_cv_header_memory_h=yes
ac_cv_header_stdc=yes
ac_cv_header_stdint_h=yes
ac_cv_header_stdlib_h=yes
ac_cv_header_string_h=yes
ac_cv_header_strings_h=yes
ac_cv_header_sys_stat_h=yes
ac_cv_header_sys_types_h=yes
ac_cv_header_unistd_h=yes
ac_cv_host=x86_64-unknown-linux-gnu
ac_cv_lib_fridge_beer=no
ac_cv_objext=o
ac_cv_path_EGREP='/usr/bin/grep -E'
ac_cv_path_FREEALUT_CONFIG=/usr/bin/freealut-config
ac_cv_path_GREP=/usr/bin/grep
ac_cv_path_OPENAL_CONFIG=no
ac_cv_path_PKG_CONFIG=/usr/bin/pkg-config
ac_cv_path_SDL_CONFIG=/usr/bin/sdl-config
ac_cv_path_WX_CONFIG_PATH=/usr/bin/wx-config
ac_cv_path_install='/usr/bin/install -c'
ac_cv_path_mkdir=/usr/bin/mkdir
ac_cv_prog_AWK=gawk
ac_cv_prog_CPP='gcc -E'
ac_cv_prog_ac_ct_CC=gcc
ac_cv_prog_ac_ct_CXX=g++
ac_cv_prog_ac_ct_RANLIB=ranlib
ac_cv_prog_cc_c89=
ac_cv_prog_cc_g=yes
ac_cv_prog_cxx_g=yes
ac_cv_prog_make_make_set=yes
ac_cv_target=x86_64-unknown-linux-gnu
am_cv_CC_dependencies_compiler_type=gcc3
am_cv_CXX_dependencies_compiler_type=gcc3
am_cv_make_support_nested_variables=yes

## ----------------- ##
## Output variables. ##
## ----------------- ##

ACLOCAL='aclocal-1.13'
AL_CFLAGS='-I/usr/include/AL  '
AL_LIBS='-lopenal   -lalut'
AMDEPBACKSLASH='\'
AMDEP_FALSE='#'
AMDEP_TRUE=''
AMTAR='$${TAR-tar}'
AM_BACKSLASH='\'
AM_DEFAULT_V='$(AM_DEFAULT_VERBOSITY)'
AM_DEFAULT_VERBOSITY='1'
AM_V='$(V)'
AUTOCONF='autoconf'
AUTOHEADER='autoheader'
AUTOMAKE='automake-1.13'
AWK='gawk'
CC='gcc'
CCDEPMODE='depmode=gcc3'
CFLAGS='-g -O2 -DS3D_DOCDIR=\"${datadir}/documentation\" -DS3D_DATADIR=\"${datarootdir}\" -DS3D_BINDIR=\"${exec_prefix}/bin\"'
CPP='gcc -E'
CPPFLAGS=' -I/usr/X11R6/include -I/usr/X11R6 -I/usr/local/include'
CXX='g++'
CXXDEPMODE='depmode=gcc3'
CXXFLAGS='-g -O2 -DS3D_DOCDIR=\"${datadir}/documentation\" -DS3D_DATADIR=\"${datarootdir}\" -DS3D_BINDIR=\"${exec_prefix}/bin\"'
CYGPATH_W='echo'
DEFS='-DPACKAGE_NAME=\"\" -DPACKAGE_TARNAME=\"\" -DPACKAGE_VERSION=\"\" -DPACKAGE_STRING=\"\" -DPACKAGE_BUGREPORT=\"\" -DPACKAGE_URL=\"\" -DPACKAGE=\"scorched3d\" -DVERSION=\"43\" -DHAVE_OGG=1 -DHAVE_VSNPRINTF=1 -DHAVE_SNPRINTF=1 -DHAVE_VASPRINTF=1 -DHAVE_ASPRINTF=1 -DHAVE_ICONV=1 -DSTDC_HEADERS=1 -DHAVE_SYS_TYPES_H=1 -DHAVE_SYS_STAT_H=1 -DHAVE_STDLIB_H=1 -DHAVE_STRING_H=1 -DHAVE_MEMORY_H=1 -DHAVE_STRINGS_H=1 -DHAVE_INTTYPES_H=1 -DHAVE_STDINT_H=1 -DHAVE_UNISTD_H=1 -DHAVE_UNISTD_H=1 -DHAVE_ICONV_H=1'
DEPDIR='.deps'
ECHO_C=''
ECHO_N='-n'
ECHO_T=''
EGREP='/usr/bin/grep -E'
EXEEXT=''
FFTW_CFLAGS=''
FFTW_LIBS=' -lfftw3f'
FREEALUT_CONFIG='/usr/bin/freealut-config'
FT2_CFLAGS=''
FT2_CONFIG=''
FT2_LIBS=''
GL_LIBS='-lGL -lGLU -lpthread -lGLEW'
GREP='/usr/bin/grep'
INSTALL_DATA='${INSTALL} -m 644'
INSTALL_PROGRAM='${INSTALL}'
INSTALL_SCRIPT='${INSTALL}'
INSTALL_STRIP_PROGRAM='$(install_sh) -c -s'
LDFLAGS=' -L/usr/X11R6/lib -L/usr/X11R6 -L/usr/local/lib'
LIBOBJS=''
LIBS='-lfreetype -lexpat -lz -lpng -ljpeg'
LTLIBOBJS=''
MAKEINFO='makeinfo'
MKDIR_P='/usr/bin/mkdir -p'
MYSQL_CFLAGS=''
MYSQL_LIBS=''
OBJEXT='o'
OGG_CFLAGS=' '
OGG_LIBS=' -logg  -lvorbis -lm -lvorbisfile'
OPENAL_CONFIG='/usr/bin/pkg-config openal'
PACKAGE='scorched3d'
PACKAGE_BUGREPORT=''
PACKAGE_NAME=''
PACKAGE_STRING=''
PACKAGE_TARNAME=''
PACKAGE_URL=''
PACKAGE_VERSION=''
PATH_SEPARATOR=':'
PGSQL_LIBS=''
PKG_CONFIG='/usr/bin/pkg-config'
RANLIB='ranlib'
S3D_SUBDIRS='launcher client server'
SDL_CFLAGS='-I/usr/include/SDL -D_GNU_SOURCE=1 -D_REENTRANT'
SDL_CONFIG='/usr/bin/sdl-config'
SDL_LIBS='-L/usr/lib -lSDL -lpthread -lSDL_net'
SET_MAKE=''
SHELL='/bin/sh'
STRIP=''
VERSION='43'
VORBISENC_LIBS='-lvorbisenc'
VORBISFILE_LIBS='-lvorbisfile'
VORBIS_CFLAGS=''
VORBIS_LIBS=' -lvorbis -lm'
WX_CFLAGS='-I/usr/lib/wx/include/gtk2-unicode-3.0 -I/usr/include/wx-3.0 -D_FILE_OFFSET_BITS=64 -DWXUSINGDLL -D__WXGTK__ -pthread'
WX_CFLAGS_ONLY='-pthread'
WX_CONFIG_PATH='/usr/bin/wx-config'
WX_CPPFLAGS='-I/usr/lib/wx/include/gtk2-unicode-3.0 -I/usr/include/wx-3.0 -D_FILE_OFFSET_BITS=64 -DWXUSINGDLL -D__WXGTK__'
WX_CXXFLAGS='-I/usr/lib/wx/include/gtk2-unicode-3.0 -I/usr/include/wx-3.0 -D_FILE_OFFSET_BITS=64 -DWXUSINGDLL -D__WXGTK__ -pthread'
WX_CXXFLAGS_ONLY=''
WX_LIBS='-pthread   -lwx_gtk2u_xrc-3.0 -lwx_gtk2u_html-3.0 -lwx_gtk2u_qa-3.0 -lwx_gtk2u_adv-3.0 -lwx_gtk2u_core-3.0 -lwx_baseu_xml-3.0 -lwx_baseu_net-3.0 -lwx_baseu-3.0 '
WX_LIBS_STATIC=''
WX_VERSION='3.0.5'
ac_ct_CC='gcc'
ac_ct_CXX='g++'
am__EXEEXT_FALSE=''
am__EXEEXT_TRUE='#'
am__fastdepCC_FALSE='#'
am__fastdepCC_TRUE=''
am__fastdepCXX_FALSE='#'
am__fastdepCXX_TRUE=''
am__include='include'
am__isrc=''
am__leading_dot='.'
am__nodep='_no'
am__quote=''
am__tar='$${TAR-tar} chof - "$$tardir"'
am__untar='$${TAR-tar} xf -'
bindir='${exec_prefix}/bin'
build='x86_64-unknown-linux-gnu'
build_alias=''
build_cpu='x86_64'
build_os='linux-gnu'
build_vendor='unknown'
datadir='${datarootdir}'
datarootdir='${prefix}/share'
docdir='${datadir}/documentation'
dvidir='${docdir}'
exec_prefix='${prefix}'
host='x86_64-unknown-linux-gnu'
host_alias=''
host_cpu='x86_64'
host_os='linux-gnu'
host_vendor='unknown'
htmldir='${docdir}'
includedir='${prefix}/include'
infodir='${datarootdir}/info'
install_sh='${SHELL} /home/jim/source/scorched3d/scorched/install-sh'
libdir='${exec_prefix}/lib'
libexecdir='${exec_prefix}/libexec'
localedir='${datarootdir}/locale'
localstatedir='${prefix}/var'
mandir='${datarootdir}/man'
mkdir_p='$(MKDIR_P)'
oldincludedir='/usr/include'
pdfdir='${docdir}'
prefix='/usr/local/games/scorched3d'
program_transform_name='s,x,x,'
psdir='${docdir}'
sbindir='${exec_prefix}/sbin'
sharedstatedir='${prefix}/com'
sysconfdir='${prefix}/etc'
target='x86_64-unknown-linux-gnu'
target_alias=''
target_cpu='x86_64'
target_os='linux-gnu'
target_vendor='unknown'

## ----------- ##
## confdefs.h. ##
## ----------- ##

/* confdefs.h */
#define PACKAGE_NAME ""
#define PACKAGE_TARNAME ""
#define PACKAGE_VERSION ""
#define PACKAGE_STRING ""
#define PACKAGE_BUGREPORT ""
#define PACKAGE_URL ""
#define PACKAGE "scorched3d"
#define VERSION "43"
#define HAVE_OGG 1
#define HAVE_VSNPRINTF 1
#define HAVE_SNPRINTF 1
#define HAVE_VASPRINTF 1
#define HAVE_ASPRINTF 1
#define HAVE_ICONV 1
#define STDC_HEADERS 1
#define HAVE_SYS_TYPES_H 1
#define HAVE_SYS_STAT_H 1
#define HAVE_STDLIB_H 1
#define HAVE_STRING_H 1
#define HAVE_MEMORY_H 1
#define HAVE_STRINGS_H 1
#define HAVE_INTTYPES_H 1
#define HAVE_STDINT_H 1
#define HAVE_UNISTD_H 1
#define HAVE_UNISTD_H 1
#define HAVE_ICONV_H 1

configure: exit 0
